Server started on port 5000
a user connected 8DqubKyEEc7gKwazAAAB
SYNC_CODE to 8DqubKyEEc7gKwazAAAB from 8DqubKyEEc7gKwazAAAB
a user connected 7ASXCvBjvGItckNjAAAD
SYNC_CODE to 7ASXCvBjvGItckNjAAAD from 7ASXCvBjvGItckNjAAAD
a user connected Me0HVX4xH_04xk8oAAAF
CODE_CHANGE from Me0HVX4xH_04xk8oAAAF room f10055e2-dca2-4673-a56e-f7c62022440f
SYNC_CODE to Me0HVX4xH_04xk8oAAAF from Me0HVX4xH_04xk8oAAAF
SYNC_CODE to Me0HVX4xH_04xk8oAAAF from 7ASXCvBjvGItckNjAAAD
CODE_CHANGE from Me0HVX4xH_04xk8oAAAF room f10055e2-dca2-4673-a56e-f7c62022440f
CODE_CHANGE from Me0HVX4xH_04xk8oAAAF room f10055e2-dca2-4673-a56e-f7c62022440f
CODE_CHANGE from Me0HVX4xH_04xk8oAAAF room f10055e2-dca2-4673-a56e-f7c62022440f
CODE_CHANGE from Me0HVX4xH_04xk8oAAAF room f10055e2-dca2-4673-a56e-f7c62022440f
CODE_CHANGE from 7ASXCvBjvGItckNjAAAD room f10055e2-dca2-4673-a56e-f7c62022440f
CODE_CHANGE from 7ASXCvBjvGItckNjAAAD room f10055e2-dca2-4673-a56e-f7c62022440f
CODE_CHANGE from 7ASXCvBjvGItckNjAAAD room f10055e2-dca2-4673-a56e-f7c62022440f
CODE_CHANGE from 7ASXCvBjvGItckNjAAAD room f10055e2-dca2-4673-a56e-f7c62022440f
CODE_CHANGE from 7ASXCvBjvGItckNjAAAD room f10055e2-dca2-4673-a56e-f7c62022440f
CODE_CHANGE from 7ASXCvBjvGItckNjAAAD room f10055e2-dca2-4673-a56e-f7c62022440f
CODE_CHANGE from 7ASXCvBjvGItckNjAAAD room f10055e2-dca2-4673-a56e-f7c62022440f
CODE_CHANGE from 7ASXCvBjvGItckNjAAAD room f10055e2-dca2-4673-a56e-f7c62022440f
CODE_CHANGE from 7ASXCvBjvGItckNjAAAD room f10055e2-dca2-4673-a56e-f7c62022440f
CODE_CHANGE from 7ASXCvBjvGItckNjAAAD room f10055e2-dca2-4673-a56e-f7c62022440f
CODE_CHANGE from 7ASXCvBjvGItckNjAAAD room f10055e2-dca2-4673-a56e-f7c62022440f
CODE_CHANGE from 7ASXCvBjvGItckNjAAAD room f10055e2-dca2-4673-a56e-f7c62022440f
CODE_CHANGE from 7ASXCvBjvGItckNjAAAD room f10055e2-dca2-4673-a56e-f7c62022440f
CODE_CHANGE from 7ASXCvBjvGItckNjAAAD room f10055e2-dca2-4673-a56e-f7c62022440f
CODE_CHANGE from 7ASXCvBjvGItckNjAAAD room f10055e2-dca2-4673-a56e-f7c62022440f
CODE_CHANGE from 7ASXCvBjvGItckNjAAAD room f10055e2-dca2-4673-a56e-f7c62022440f
CODE_CHANGE from 7ASXCvBjvGItckNjAAAD room f10055e2-dca2-4673-a56e-f7c62022440f
CODE_CHANGE from 7ASXCvBjvGItckNjAAAD room f10055e2-dca2-4673-a56e-f7c62022440f
CODE_CHANGE from 7ASXCvBjvGItckNjAAAD room f10055e2-dca2-4673-a56e-f7c62022440f
CODE_CHANGE from 7ASXCvBjvGItckNjAAAD room f10055e2-dca2-4673-a56e-f7c62022440f
CODE_CHANGE from 7ASXCvBjvGItckNjAAAD room f10055e2-dca2-4673-a56e-f7c62022440f
CODE_CHANGE from 7ASXCvBjvGItckNjAAAD room f10055e2-dca2-4673-a56e-f7c62022440f
CODE_CHANGE from 7ASXCvBjvGItckNjAAAD room f10055e2-dca2-4673-a56e-f7c62022440f
CODE_CHANGE from 7ASXCvBjvGItckNjAAAD room f10055e2-dca2-4673-a56e-f7c62022440f
CODE_CHANGE from 7ASXCvBjvGItckNjAAAD room f10055e2-dca2-4673-a56e-f7c62022440f
CODE_CHANGE from 7ASXCvBjvGItckNjAAAD room f10055e2-dca2-4673-a56e-f7c62022440f
CODE_CHANGE from 7ASXCvBjvGItckNjAAAD room f10055e2-dca2-4673-a56e-f7c62022440f
CODE_CHANGE from 7ASXCvBjvGItckNjAAAD room f10055e2-dca2-4673-a56e-f7c62022440f
CODE_CHANGE from 7ASXCvBjvGItckNjAAAD room f10055e2-dca2-4673-a56e-f7c62022440f
CODE_CHANGE from 7ASXCvBjvGItckNjAAAD room f10055e2-dca2-4673-a56e-f7c62022440f
CODE_CHANGE from 7ASXCvBjvGItckNjAAAD room f10055e2-dca2-4673-a56e-f7c62022440f
CODE_CHANGE from 7ASXCvBjvGItckNjAAAD room f10055e2-dca2-4673-a56e-f7c62022440f
CODE_CHANGE from 7ASXCvBjvGItckNjAAAD room f10055e2-dca2-4673-a56e-f7c62022440f
CODE_CHANGE from 7ASXCvBjvGItckNjAAAD room f10055e2-dca2-4673-a56e-f7c62022440f
CODE_CHANGE from 7ASXCvBjvGItckNjAAAD room f10055e2-dca2-4673-a56e-f7c62022440f
CODE_CHANGE from 7ASXCvBjvGItckNjAAAD room f10055e2-dca2-4673-a56e-f7c62022440f
CODE_CHANGE from 7ASXCvBjvGItckNjAAAD room f10055e2-dca2-4673-a56e-f7c62022440f
CODE_CHANGE from 7ASXCvBjvGItckNjAAAD room f10055e2-dca2-4673-a56e-f7c62022440f
CODE_CHANGE from 7ASXCvBjvGItckNjAAAD room f10055e2-dca2-4673-a56e-f7c62022440f
CODE_CHANGE from 7ASXCvBjvGItckNjAAAD room f10055e2-dca2-4673-a56e-f7c62022440f
CODE_CHANGE from 7ASXCvBjvGItckNjAAAD room f10055e2-dca2-4673-a56e-f7c62022440f
CODE_CHANGE from 7ASXCvBjvGItckNjAAAD room f10055e2-dca2-4673-a56e-f7c62022440f
CODE_CHANGE from 7ASXCvBjvGItckNjAAAD room f10055e2-dca2-4673-a56e-f7c62022440f
CODE_CHANGE from 7ASXCvBjvGItckNjAAAD room f10055e2-dca2-4673-a56e-f7c62022440f
CODE_CHANGE from 7ASXCvBjvGItckNjAAAD room f10055e2-dca2-4673-a56e-f7c62022440f
CODE_CHANGE from 7ASXCvBjvGItckNjAAAD room f10055e2-dca2-4673-a56e-f7c62022440f
CODE_CHANGE from 7ASXCvBjvGItckNjAAAD room f10055e2-dca2-4673-a56e-f7c62022440f
CODE_CHANGE from 7ASXCvBjvGItckNjAAAD room f10055e2-dca2-4673-a56e-f7c62022440f
CODE_CHANGE from 7ASXCvBjvGItckNjAAAD room f10055e2-dca2-4673-a56e-f7c62022440f
CODE_CHANGE from 7ASXCvBjvGItckNjAAAD room f10055e2-dca2-4673-a56e-f7c62022440f
CODE_CHANGE from 7ASXCvBjvGItckNjAAAD room f10055e2-dca2-4673-a56e-f7c62022440f
CODE_CHANGE from 7ASXCvBjvGItckNjAAAD room f10055e2-dca2-4673-a56e-f7c62022440f
CODE_CHANGE from 7ASXCvBjvGItckNjAAAD room f10055e2-dca2-4673-a56e-f7c62022440f
CODE_CHANGE from 7ASXCvBjvGItckNjAAAD room f10055e2-dca2-4673-a56e-f7c62022440f
CODE_CHANGE from 7ASXCvBjvGItckNjAAAD room f10055e2-dca2-4673-a56e-f7c62022440f
CODE_CHANGE from 7ASXCvBjvGItckNjAAAD room f10055e2-dca2-4673-a56e-f7c62022440f
CODE_CHANGE from 7ASXCvBjvGItckNjAAAD room f10055e2-dca2-4673-a56e-f7c62022440f
CODE_CHANGE from 7ASXCvBjvGItckNjAAAD room f10055e2-dca2-4673-a56e-f7c62022440f
CODE_CHANGE from 7ASXCvBjvGItckNjAAAD room f10055e2-dca2-4673-a56e-f7c62022440f
CODE_CHANGE from 7ASXCvBjvGItckNjAAAD room f10055e2-dca2-4673-a56e-f7c62022440f
CODE_CHANGE from 7ASXCvBjvGItckNjAAAD room f10055e2-dca2-4673-a56e-f7c62022440f
CODE_CHANGE from 7ASXCvBjvGItckNjAAAD room f10055e2-dca2-4673-a56e-f7c62022440f
CODE_CHANGE from 7ASXCvBjvGItckNjAAAD room f10055e2-dca2-4673-a56e-f7c62022440f
CODE_CHANGE from 7ASXCvBjvGItckNjAAAD room f10055e2-dca2-4673-a56e-f7c62022440f
CODE_CHANGE from 7ASXCvBjvGItckNjAAAD room f10055e2-dca2-4673-a56e-f7c62022440f
CODE_CHANGE from 7ASXCvBjvGItckNjAAAD room f10055e2-dca2-4673-a56e-f7c62022440f
CODE_CHANGE from 7ASXCvBjvGItckNjAAAD room f10055e2-dca2-4673-a56e-f7c62022440f
CODE_CHANGE from 7ASXCvBjvGItckNjAAAD room f10055e2-dca2-4673-a56e-f7c62022440f
CODE_CHANGE from 7ASXCvBjvGItckNjAAAD room f10055e2-dca2-4673-a56e-f7c62022440f
CODE_CHANGE from 7ASXCvBjvGItckNjAAAD room f10055e2-dca2-4673-a56e-f7c62022440f
CODE_CHANGE from 7ASXCvBjvGItckNjAAAD room f10055e2-dca2-4673-a56e-f7c62022440f
CODE_CHANGE from 7ASXCvBjvGItckNjAAAD room f10055e2-dca2-4673-a56e-f7c62022440f
CODE_CHANGE from 7ASXCvBjvGItckNjAAAD room f10055e2-dca2-4673-a56e-f7c62022440f
CODE_CHANGE from 7ASXCvBjvGItckNjAAAD room f10055e2-dca2-4673-a56e-f7c62022440f
CODE_CHANGE from 7ASXCvBjvGItckNjAAAD room f10055e2-dca2-4673-a56e-f7c62022440f
CODE_CHANGE from 7ASXCvBjvGItckNjAAAD room f10055e2-dca2-4673-a56e-f7c62022440f
CODE_CHANGE from 7ASXCvBjvGItckNjAAAD room f10055e2-dca2-4673-a56e-f7c62022440f
CODE_CHANGE from 7ASXCvBjvGItckNjAAAD room f10055e2-dca2-4673-a56e-f7c62022440f
CODE_CHANGE from 7ASXCvBjvGItckNjAAAD room f10055e2-dca2-4673-a56e-f7c62022440f
CODE_CHANGE from 7ASXCvBjvGItckNjAAAD room f10055e2-dca2-4673-a56e-f7c62022440f
CODE_CHANGE from 7ASXCvBjvGItckNjAAAD room f10055e2-dca2-4673-a56e-f7c62022440f
CODE_CHANGE from 7ASXCvBjvGItckNjAAAD room f10055e2-dca2-4673-a56e-f7c62022440f
CODE_CHANGE from 7ASXCvBjvGItckNjAAAD room f10055e2-dca2-4673-a56e-f7c62022440f
CODE_CHANGE from 7ASXCvBjvGItckNjAAAD room f10055e2-dca2-4673-a56e-f7c62022440f
CODE_CHANGE from 7ASXCvBjvGItckNjAAAD room f10055e2-dca2-4673-a56e-f7c62022440f
CODE_CHANGE from 7ASXCvBjvGItckNjAAAD room f10055e2-dca2-4673-a56e-f7c62022440f
CODE_CHANGE from 7ASXCvBjvGItckNjAAAD room f10055e2-dca2-4673-a56e-f7c62022440f
CODE_CHANGE from 7ASXCvBjvGItckNjAAAD room f10055e2-dca2-4673-a56e-f7c62022440f
CODE_CHANGE from 7ASXCvBjvGItckNjAAAD room f10055e2-dca2-4673-a56e-f7c62022440f
CODE_CHANGE from 7ASXCvBjvGItckNjAAAD room f10055e2-dca2-4673-a56e-f7c62022440f
CODE_CHANGE from 7ASXCvBjvGItckNjAAAD room f10055e2-dca2-4673-a56e-f7c62022440f
CODE_CHANGE from 7ASXCvBjvGItckNjAAAD room f10055e2-dca2-4673-a56e-f7c62022440f
CODE_CHANGE from 7ASXCvBjvGItckNjAAAD room f10055e2-dca2-4673-a56e-f7c62022440f
CODE_CHANGE from 7ASXCvBjvGItckNjAAAD room f10055e2-dca2-4673-a56e-f7c62022440f
CODE_CHANGE from 7ASXCvBjvGItckNjAAAD room f10055e2-dca2-4673-a56e-f7c62022440f
CODE_CHANGE from 7ASXCvBjvGItckNjAAAD room f10055e2-dca2-4673-a56e-f7c62022440f
CODE_CHANGE from 7ASXCvBjvGItckNjAAAD room f10055e2-dca2-4673-a56e-f7c62022440f
CODE_CHANGE from 7ASXCvBjvGItckNjAAAD room f10055e2-dca2-4673-a56e-f7c62022440f
CODE_CHANGE from 7ASXCvBjvGItckNjAAAD room f10055e2-dca2-4673-a56e-f7c62022440f
CODE_CHANGE from 7ASXCvBjvGItckNjAAAD room f10055e2-dca2-4673-a56e-f7c62022440f
CODE_CHANGE from 7ASXCvBjvGItckNjAAAD room f10055e2-dca2-4673-a56e-f7c62022440f
CODE_CHANGE from 7ASXCvBjvGItckNjAAAD room f10055e2-dca2-4673-a56e-f7c62022440f
CODE_CHANGE from 7ASXCvBjvGItckNjAAAD room f10055e2-dca2-4673-a56e-f7c62022440f
CODE_CHANGE from 7ASXCvBjvGItckNjAAAD room f10055e2-dca2-4673-a56e-f7c62022440f
CODE_CHANGE from 7ASXCvBjvGItckNjAAAD room f10055e2-dca2-4673-a56e-f7c62022440f
CODE_CHANGE from 7ASXCvBjvGItckNjAAAD room f10055e2-dca2-4673-a56e-f7c62022440f
CODE_CHANGE from 7ASXCvBjvGItckNjAAAD room f10055e2-dca2-4673-a56e-f7c62022440f
CODE_CHANGE from 7ASXCvBjvGItckNjAAAD room f10055e2-dca2-4673-a56e-f7c62022440f
CODE_CHANGE from 7ASXCvBjvGItckNjAAAD room f10055e2-dca2-4673-a56e-f7c62022440f
CODE_CHANGE from 7ASXCvBjvGItckNjAAAD room f10055e2-dca2-4673-a56e-f7c62022440f
CODE_CHANGE from 7ASXCvBjvGItckNjAAAD room f10055e2-dca2-4673-a56e-f7c62022440f
CODE_CHANGE from 7ASXCvBjvGItckNjAAAD room f10055e2-dca2-4673-a56e-f7c62022440f
CODE_CHANGE from 7ASXCvBjvGItckNjAAAD room f10055e2-dca2-4673-a56e-f7c62022440f
CODE_CHANGE from 7ASXCvBjvGItckNjAAAD room f10055e2-dca2-4673-a56e-f7c62022440f
CODE_CHANGE from 7ASXCvBjvGItckNjAAAD room f10055e2-dca2-4673-a56e-f7c62022440f
CODE_CHANGE from 7ASXCvBjvGItckNjAAAD room f10055e2-dca2-4673-a56e-f7c62022440f
CODE_CHANGE from 7ASXCvBjvGItckNjAAAD room f10055e2-dca2-4673-a56e-f7c62022440f
CODE_CHANGE from 7ASXCvBjvGItckNjAAAD room f10055e2-dca2-4673-a56e-f7c62022440f
CODE_CHANGE from 7ASXCvBjvGItckNjAAAD room f10055e2-dca2-4673-a56e-f7c62022440f
CODE_CHANGE from 7ASXCvBjvGItckNjAAAD room f10055e2-dca2-4673-a56e-f7c62022440f
CODE_CHANGE from 7ASXCvBjvGItckNjAAAD room f10055e2-dca2-4673-a56e-f7c62022440f
CODE_CHANGE from 7ASXCvBjvGItckNjAAAD room f10055e2-dca2-4673-a56e-f7c62022440f
CODE_CHANGE from 7ASXCvBjvGItckNjAAAD room f10055e2-dca2-4673-a56e-f7c62022440f
CODE_CHANGE from 7ASXCvBjvGItckNjAAAD room f10055e2-dca2-4673-a56e-f7c62022440f
CODE_CHANGE from 7ASXCvBjvGItckNjAAAD room f10055e2-dca2-4673-a56e-f7c62022440f
CODE_CHANGE from 7ASXCvBjvGItckNjAAAD room f10055e2-dca2-4673-a56e-f7c62022440f
CODE_CHANGE from 7ASXCvBjvGItckNjAAAD room f10055e2-dca2-4673-a56e-f7c62022440f
CODE_CHANGE from 7ASXCvBjvGItckNjAAAD room f10055e2-dca2-4673-a56e-f7c62022440f
CODE_CHANGE from 7ASXCvBjvGItckNjAAAD room f10055e2-dca2-4673-a56e-f7c62022440f
CODE_CHANGE from 7ASXCvBjvGItckNjAAAD room f10055e2-dca2-4673-a56e-f7c62022440f
CODE_CHANGE from 7ASXCvBjvGItckNjAAAD room f10055e2-dca2-4673-a56e-f7c62022440f
CODE_CHANGE from 7ASXCvBjvGItckNjAAAD room f10055e2-dca2-4673-a56e-f7c62022440f
CODE_CHANGE from 7ASXCvBjvGItckNjAAAD room f10055e2-dca2-4673-a56e-f7c62022440f
CODE_CHANGE from 7ASXCvBjvGItckNjAAAD room f10055e2-dca2-4673-a56e-f7c62022440f
CODE_CHANGE from 7ASXCvBjvGItckNjAAAD room f10055e2-dca2-4673-a56e-f7c62022440f
CODE_CHANGE from 7ASXCvBjvGItckNjAAAD room f10055e2-dca2-4673-a56e-f7c62022440f
CODE_CHANGE from 7ASXCvBjvGItckNjAAAD room f10055e2-dca2-4673-a56e-f7c62022440f
CODE_CHANGE from 7ASXCvBjvGItckNjAAAD room f10055e2-dca2-4673-a56e-f7c62022440f
CODE_CHANGE from 7ASXCvBjvGItckNjAAAD room f10055e2-dca2-4673-a56e-f7c62022440f
CODE_CHANGE from 7ASXCvBjvGItckNjAAAD room f10055e2-dca2-4673-a56e-f7c62022440f
CODE_CHANGE from 7ASXCvBjvGItckNjAAAD room f10055e2-dca2-4673-a56e-f7c62022440f
CODE_CHANGE from 7ASXCvBjvGItckNjAAAD room f10055e2-dca2-4673-a56e-f7c62022440f
CODE_CHANGE from 7ASXCvBjvGItckNjAAAD room f10055e2-dca2-4673-a56e-f7c62022440f
CODE_CHANGE from 7ASXCvBjvGItckNjAAAD room f10055e2-dca2-4673-a56e-f7c62022440f
CODE_CHANGE from 7ASXCvBjvGItckNjAAAD room f10055e2-dca2-4673-a56e-f7c62022440f
CODE_CHANGE from 7ASXCvBjvGItckNjAAAD room f10055e2-dca2-4673-a56e-f7c62022440f
CODE_CHANGE from 7ASXCvBjvGItckNjAAAD room f10055e2-dca2-4673-a56e-f7c62022440f
CODE_CHANGE from 7ASXCvBjvGItckNjAAAD room f10055e2-dca2-4673-a56e-f7c62022440f
CODE_CHANGE from 7ASXCvBjvGItckNjAAAD room f10055e2-dca2-4673-a56e-f7c62022440f
CODE_CHANGE from 7ASXCvBjvGItckNjAAAD room f10055e2-dca2-4673-a56e-f7c62022440f
CODE_CHANGE from 7ASXCvBjvGItckNjAAAD room f10055e2-dca2-4673-a56e-f7c62022440f
CODE_CHANGE from 7ASXCvBjvGItckNjAAAD room f10055e2-dca2-4673-a56e-f7c62022440f
CODE_CHANGE from 7ASXCvBjvGItckNjAAAD room f10055e2-dca2-4673-a56e-f7c62022440f
CODE_CHANGE from 7ASXCvBjvGItckNjAAAD room f10055e2-dca2-4673-a56e-f7c62022440f
CODE_CHANGE from 7ASXCvBjvGItckNjAAAD room f10055e2-dca2-4673-a56e-f7c62022440f
CODE_CHANGE from 7ASXCvBjvGItckNjAAAD room f10055e2-dca2-4673-a56e-f7c62022440f
CODE_CHANGE from 7ASXCvBjvGItckNjAAAD room f10055e2-dca2-4673-a56e-f7c62022440f
CODE_CHANGE from 7ASXCvBjvGItckNjAAAD room f10055e2-dca2-4673-a56e-f7c62022440f
CODE_CHANGE from 7ASXCvBjvGItckNjAAAD room f10055e2-dca2-4673-a56e-f7c62022440f
CODE_CHANGE from 7ASXCvBjvGItckNjAAAD room f10055e2-dca2-4673-a56e-f7c62022440f
CODE_CHANGE from 7ASXCvBjvGItckNjAAAD room f10055e2-dca2-4673-a56e-f7c62022440f
CODE_CHANGE from 7ASXCvBjvGItckNjAAAD room f10055e2-dca2-4673-a56e-f7c62022440f
CODE_CHANGE from 7ASXCvBjvGItckNjAAAD room f10055e2-dca2-4673-a56e-f7c62022440f
CODE_CHANGE from 7ASXCvBjvGItckNjAAAD room f10055e2-dca2-4673-a56e-f7c62022440f
CODE_CHANGE from 7ASXCvBjvGItckNjAAAD room f10055e2-dca2-4673-a56e-f7c62022440f
CODE_CHANGE from 7ASXCvBjvGItckNjAAAD room f10055e2-dca2-4673-a56e-f7c62022440f
CODE_CHANGE from 7ASXCvBjvGItckNjAAAD room f10055e2-dca2-4673-a56e-f7c62022440f
CODE_CHANGE from 7ASXCvBjvGItckNjAAAD room f10055e2-dca2-4673-a56e-f7c62022440f
CODE_CHANGE from 7ASXCvBjvGItckNjAAAD room f10055e2-dca2-4673-a56e-f7c62022440f
CODE_CHANGE from 7ASXCvBjvGItckNjAAAD room f10055e2-dca2-4673-a56e-f7c62022440f
CODE_CHANGE from 7ASXCvBjvGItckNjAAAD room f10055e2-dca2-4673-a56e-f7c62022440f
CODE_CHANGE from 7ASXCvBjvGItckNjAAAD room f10055e2-dca2-4673-a56e-f7c62022440f
CODE_CHANGE from 7ASXCvBjvGItckNjAAAD room f10055e2-dca2-4673-a56e-f7c62022440f
CODE_CHANGE from 7ASXCvBjvGItckNjAAAD room f10055e2-dca2-4673-a56e-f7c62022440f
CODE_CHANGE from 7ASXCvBjvGItckNjAAAD room f10055e2-dca2-4673-a56e-f7c62022440f
CODE_CHANGE from 7ASXCvBjvGItckNjAAAD room f10055e2-dca2-4673-a56e-f7c62022440f
CODE_CHANGE from 7ASXCvBjvGItckNjAAAD room f10055e2-dca2-4673-a56e-f7c62022440f
CODE_CHANGE from 7ASXCvBjvGItckNjAAAD room f10055e2-dca2-4673-a56e-f7c62022440f
CODE_CHANGE from 7ASXCvBjvGItckNjAAAD room f10055e2-dca2-4673-a56e-f7c62022440f
CODE_CHANGE from Me0HVX4xH_04xk8oAAAF room f10055e2-dca2-4673-a56e-f7c62022440f
CODE_CHANGE from Me0HVX4xH_04xk8oAAAF room f10055e2-dca2-4673-a56e-f7c62022440f
CODE_CHANGE from Me0HVX4xH_04xk8oAAAF room f10055e2-dca2-4673-a56e-f7c62022440f
CODE_CHANGE from Me0HVX4xH_04xk8oAAAF room f10055e2-dca2-4673-a56e-f7c62022440f
CODE_CHANGE from Me0HVX4xH_04xk8oAAAF room f10055e2-dca2-4673-a56e-f7c62022440f
CODE_CHANGE from Me0HVX4xH_04xk8oAAAF room f10055e2-dca2-4673-a56e-f7c62022440f
CODE_CHANGE from Me0HVX4xH_04xk8oAAAF room f10055e2-dca2-4673-a56e-f7c62022440f
CODE_CHANGE from Me0HVX4xH_04xk8oAAAF room f10055e2-dca2-4673-a56e-f7c62022440f
CODE_CHANGE from Me0HVX4xH_04xk8oAAAF room f10055e2-dca2-4673-a56e-f7c62022440f
CODE_CHANGE from Me0HVX4xH_04xk8oAAAF room f10055e2-dca2-4673-a56e-f7c62022440f
CODE_CHANGE from Me0HVX4xH_04xk8oAAAF room f10055e2-dca2-4673-a56e-f7c62022440f
CODE_CHANGE from Me0HVX4xH_04xk8oAAAF room f10055e2-dca2-4673-a56e-f7c62022440f
CODE_CHANGE from Me0HVX4xH_04xk8oAAAF room f10055e2-dca2-4673-a56e-f7c62022440f
CODE_CHANGE from Me0HVX4xH_04xk8oAAAF room f10055e2-dca2-4673-a56e-f7c62022440f
CODE_CHANGE from Me0HVX4xH_04xk8oAAAF room f10055e2-dca2-4673-a56e-f7c62022440f
CODE_CHANGE from Me0HVX4xH_04xk8oAAAF room f10055e2-dca2-4673-a56e-f7c62022440f
CODE_CHANGE from Me0HVX4xH_04xk8oAAAF room f10055e2-dca2-4673-a56e-f7c62022440f
CODE_CHANGE from Me0HVX4xH_04xk8oAAAF room f10055e2-dca2-4673-a56e-f7c62022440f
CODE_CHANGE from Me0HVX4xH_04xk8oAAAF room f10055e2-dca2-4673-a56e-f7c62022440f
CODE_CHANGE from Me0HVX4xH_04xk8oAAAF room f10055e2-dca2-4673-a56e-f7c62022440f
CODE_CHANGE from Me0HVX4xH_04xk8oAAAF room f10055e2-dca2-4673-a56e-f7c62022440f
CODE_CHANGE from Me0HVX4xH_04xk8oAAAF room f10055e2-dca2-4673-a56e-f7c62022440f
CODE_CHANGE from Me0HVX4xH_04xk8oAAAF room f10055e2-dca2-4673-a56e-f7c62022440f
CODE_CHANGE from Me0HVX4xH_04xk8oAAAF room f10055e2-dca2-4673-a56e-f7c62022440f
CODE_CHANGE from Me0HVX4xH_04xk8oAAAF room f10055e2-dca2-4673-a56e-f7c62022440f
CODE_CHANGE from Me0HVX4xH_04xk8oAAAF room f10055e2-dca2-4673-a56e-f7c62022440f
CODE_CHANGE from Me0HVX4xH_04xk8oAAAF room f10055e2-dca2-4673-a56e-f7c62022440f
CODE_CHANGE from Me0HVX4xH_04xk8oAAAF room f10055e2-dca2-4673-a56e-f7c62022440f
CODE_CHANGE from Me0HVX4xH_04xk8oAAAF room f10055e2-dca2-4673-a56e-f7c62022440f
CODE_CHANGE from Me0HVX4xH_04xk8oAAAF room f10055e2-dca2-4673-a56e-f7c62022440f
CODE_CHANGE from Me0HVX4xH_04xk8oAAAF room f10055e2-dca2-4673-a56e-f7c62022440f
CODE_CHANGE from Me0HVX4xH_04xk8oAAAF room f10055e2-dca2-4673-a56e-f7c62022440f
CODE_CHANGE from Me0HVX4xH_04xk8oAAAF room f10055e2-dca2-4673-a56e-f7c62022440f
CODE_CHANGE from Me0HVX4xH_04xk8oAAAF room f10055e2-dca2-4673-a56e-f7c62022440f
CODE_CHANGE from Me0HVX4xH_04xk8oAAAF room f10055e2-dca2-4673-a56e-f7c62022440f
CODE_CHANGE from Me0HVX4xH_04xk8oAAAF room f10055e2-dca2-4673-a56e-f7c62022440f
CODE_CHANGE from Me0HVX4xH_04xk8oAAAF room f10055e2-dca2-4673-a56e-f7c62022440f
a user connected mNVrVJPqvjujHX4kAAAH
SYNC_CODE to mNVrVJPqvjujHX4kAAAH from mNVrVJPqvjujHX4kAAAH
a user connected 4chxA4PF1gpTSy5IAAAJ
SYNC_CODE to 4chxA4PF1gpTSy5IAAAJ from mNVrVJPqvjujHX4kAAAH
SYNC_CODE to 4chxA4PF1gpTSy5IAAAJ from 4chxA4PF1gpTSy5IAAAJ
CODE_CHANGE from 4chxA4PF1gpTSy5IAAAJ room 8d25949f-d1e9-4736-b719-a72b74e32670
CODE_CHANGE from 4chxA4PF1gpTSy5IAAAJ room 8d25949f-d1e9-4736-b719-a72b74e32670
CODE_CHANGE from 4chxA4PF1gpTSy5IAAAJ room 8d25949f-d1e9-4736-b719-a72b74e32670
CODE_CHANGE from 4chxA4PF1gpTSy5IAAAJ room 8d25949f-d1e9-4736-b719-a72b74e32670
CODE_CHANGE from 4chxA4PF1gpTSy5IAAAJ room 8d25949f-d1e9-4736-b719-a72b74e32670
CODE_CHANGE from 4chxA4PF1gpTSy5IAAAJ room 8d25949f-d1e9-4736-b719-a72b74e32670
CODE_CHANGE from 4chxA4PF1gpTSy5IAAAJ room 8d25949f-d1e9-4736-b719-a72b74e32670
CODE_CHANGE from 4chxA4PF1gpTSy5IAAAJ room 8d25949f-d1e9-4736-b719-a72b74e32670
CODE_CHANGE from 4chxA4PF1gpTSy5IAAAJ room 8d25949f-d1e9-4736-b719-a72b74e32670
CODE_CHANGE from 4chxA4PF1gpTSy5IAAAJ room 8d25949f-d1e9-4736-b719-a72b74e32670
a user connected yDxrXknsnYwWqnIcAAAL
SYNC_CODE to yDxrXknsnYwWqnIcAAAL from mNVrVJPqvjujHX4kAAAH
SYNC_CODE to yDxrXknsnYwWqnIcAAAL from 4chxA4PF1gpTSy5IAAAJ
SYNC_CODE to yDxrXknsnYwWqnIcAAAL from yDxrXknsnYwWqnIcAAAL
CODE_CHANGE from mNVrVJPqvjujHX4kAAAH room 8d25949f-d1e9-4736-b719-a72b74e32670
CODE_CHANGE from mNVrVJPqvjujHX4kAAAH room 8d25949f-d1e9-4736-b719-a72b74e32670
CODE_CHANGE from mNVrVJPqvjujHX4kAAAH room 8d25949f-d1e9-4736-b719-a72b74e32670
CODE_CHANGE from mNVrVJPqvjujHX4kAAAH room 8d25949f-d1e9-4736-b719-a72b74e32670
CODE_CHANGE from mNVrVJPqvjujHX4kAAAH room 8d25949f-d1e9-4736-b719-a72b74e32670
CODE_CHANGE from mNVrVJPqvjujHX4kAAAH room 8d25949f-d1e9-4736-b719-a72b74e32670
CODE_CHANGE from mNVrVJPqvjujHX4kAAAH room 8d25949f-d1e9-4736-b719-a72b74e32670
CODE_CHANGE from mNVrVJPqvjujHX4kAAAH room 8d25949f-d1e9-4736-b719-a72b74e32670
CODE_CHANGE from mNVrVJPqvjujHX4kAAAH room 8d25949f-d1e9-4736-b719-a72b74e32670
CODE_CHANGE from mNVrVJPqvjujHX4kAAAH room 8d25949f-d1e9-4736-b719-a72b74e32670
CODE_CHANGE from mNVrVJPqvjujHX4kAAAH room 8d25949f-d1e9-4736-b719-a72b74e32670
CODE_CHANGE from mNVrVJPqvjujHX4kAAAH room 8d25949f-d1e9-4736-b719-a72b74e32670
CODE_CHANGE from mNVrVJPqvjujHX4kAAAH room 8d25949f-d1e9-4736-b719-a72b74e32670
CODE_CHANGE from mNVrVJPqvjujHX4kAAAH room 8d25949f-d1e9-4736-b719-a72b74e32670
CODE_CHANGE from mNVrVJPqvjujHX4kAAAH room 8d25949f-d1e9-4736-b719-a72b74e32670
CODE_CHANGE from mNVrVJPqvjujHX4kAAAH room 8d25949f-d1e9-4736-b719-a72b74e32670
CODE_CHANGE from mNVrVJPqvjujHX4kAAAH room 8d25949f-d1e9-4736-b719-a72b74e32670
CODE_CHANGE from mNVrVJPqvjujHX4kAAAH room 8d25949f-d1e9-4736-b719-a72b74e32670
CODE_CHANGE from mNVrVJPqvjujHX4kAAAH room 8d25949f-d1e9-4736-b719-a72b74e32670
CODE_CHANGE from mNVrVJPqvjujHX4kAAAH room 8d25949f-d1e9-4736-b719-a72b74e32670
CODE_CHANGE from mNVrVJPqvjujHX4kAAAH room 8d25949f-d1e9-4736-b719-a72b74e32670
CODE_CHANGE from mNVrVJPqvjujHX4kAAAH room 8d25949f-d1e9-4736-b719-a72b74e32670
CODE_CHANGE from mNVrVJPqvjujHX4kAAAH room 8d25949f-d1e9-4736-b719-a72b74e32670
CODE_CHANGE from mNVrVJPqvjujHX4kAAAH room 8d25949f-d1e9-4736-b719-a72b74e32670
CODE_CHANGE from mNVrVJPqvjujHX4kAAAH room 8d25949f-d1e9-4736-b719-a72b74e32670
CODE_CHANGE from mNVrVJPqvjujHX4kAAAH room 8d25949f-d1e9-4736-b719-a72b74e32670
CODE_CHANGE from mNVrVJPqvjujHX4kAAAH room 8d25949f-d1e9-4736-b719-a72b74e32670
CODE_CHANGE from mNVrVJPqvjujHX4kAAAH room 8d25949f-d1e9-4736-b719-a72b74e32670
CODE_CHANGE from mNVrVJPqvjujHX4kAAAH room 8d25949f-d1e9-4736-b719-a72b74e32670
CODE_CHANGE from mNVrVJPqvjujHX4kAAAH room 8d25949f-d1e9-4736-b719-a72b74e32670
CODE_CHANGE from mNVrVJPqvjujHX4kAAAH room 8d25949f-d1e9-4736-b719-a72b74e32670
CODE_CHANGE from mNVrVJPqvjujHX4kAAAH room 8d25949f-d1e9-4736-b719-a72b74e32670
CODE_CHANGE from mNVrVJPqvjujHX4kAAAH room 8d25949f-d1e9-4736-b719-a72b74e32670
CODE_CHANGE from mNVrVJPqvjujHX4kAAAH room 8d25949f-d1e9-4736-b719-a72b74e32670
CODE_CHANGE from mNVrVJPqvjujHX4kAAAH room 8d25949f-d1e9-4736-b719-a72b74e32670
CODE_CHANGE from mNVrVJPqvjujHX4kAAAH room 8d25949f-d1e9-4736-b719-a72b74e32670
CODE_CHANGE from mNVrVJPqvjujHX4kAAAH room 8d25949f-d1e9-4736-b719-a72b74e32670
CODE_CHANGE from mNVrVJPqvjujHX4kAAAH room 8d25949f-d1e9-4736-b719-a72b74e32670
CODE_CHANGE from mNVrVJPqvjujHX4kAAAH room 8d25949f-d1e9-4736-b719-a72b74e32670
CODE_CHANGE from mNVrVJPqvjujHX4kAAAH room 8d25949f-d1e9-4736-b719-a72b74e32670
CODE_CHANGE from mNVrVJPqvjujHX4kAAAH room 8d25949f-d1e9-4736-b719-a72b74e32670
CODE_CHANGE from mNVrVJPqvjujHX4kAAAH room 8d25949f-d1e9-4736-b719-a72b74e32670
CODE_CHANGE from mNVrVJPqvjujHX4kAAAH room 8d25949f-d1e9-4736-b719-a72b74e32670
CODE_CHANGE from mNVrVJPqvjujHX4kAAAH room 8d25949f-d1e9-4736-b719-a72b74e32670
CODE_CHANGE from mNVrVJPqvjujHX4kAAAH room 8d25949f-d1e9-4736-b719-a72b74e32670
CODE_CHANGE from mNVrVJPqvjujHX4kAAAH room 8d25949f-d1e9-4736-b719-a72b74e32670
CODE_CHANGE from mNVrVJPqvjujHX4kAAAH room 8d25949f-d1e9-4736-b719-a72b74e32670
CODE_CHANGE from mNVrVJPqvjujHX4kAAAH room 8d25949f-d1e9-4736-b719-a72b74e32670
CODE_CHANGE from mNVrVJPqvjujHX4kAAAH room 8d25949f-d1e9-4736-b719-a72b74e32670
CODE_CHANGE from mNVrVJPqvjujHX4kAAAH room 8d25949f-d1e9-4736-b719-a72b74e32670
CODE_CHANGE from mNVrVJPqvjujHX4kAAAH room 8d25949f-d1e9-4736-b719-a72b74e32670
CODE_CHANGE from mNVrVJPqvjujHX4kAAAH room 8d25949f-d1e9-4736-b719-a72b74e32670
CODE_CHANGE from mNVrVJPqvjujHX4kAAAH room 8d25949f-d1e9-4736-b719-a72b74e32670
CODE_CHANGE from mNVrVJPqvjujHX4kAAAH room 8d25949f-d1e9-4736-b719-a72b74e32670
CODE_CHANGE from mNVrVJPqvjujHX4kAAAH room 8d25949f-d1e9-4736-b719-a72b74e32670
CODE_CHANGE from mNVrVJPqvjujHX4kAAAH room 8d25949f-d1e9-4736-b719-a72b74e32670
CODE_CHANGE from mNVrVJPqvjujHX4kAAAH room 8d25949f-d1e9-4736-b719-a72b74e32670
CODE_CHANGE from mNVrVJPqvjujHX4kAAAH room 8d25949f-d1e9-4736-b719-a72b74e32670
CODE_CHANGE from mNVrVJPqvjujHX4kAAAH room 8d25949f-d1e9-4736-b719-a72b74e32670
CODE_CHANGE from mNVrVJPqvjujHX4kAAAH room 8d25949f-d1e9-4736-b719-a72b74e32670
CODE_CHANGE from mNVrVJPqvjujHX4kAAAH room 8d25949f-d1e9-4736-b719-a72b74e32670
CODE_CHANGE from mNVrVJPqvjujHX4kAAAH room 8d25949f-d1e9-4736-b719-a72b74e32670
CODE_CHANGE from mNVrVJPqvjujHX4kAAAH room 8d25949f-d1e9-4736-b719-a72b74e32670
CODE_CHANGE from mNVrVJPqvjujHX4kAAAH room 8d25949f-d1e9-4736-b719-a72b74e32670
CODE_CHANGE from mNVrVJPqvjujHX4kAAAH room 8d25949f-d1e9-4736-b719-a72b74e32670
CODE_CHANGE from mNVrVJPqvjujHX4kAAAH room 8d25949f-d1e9-4736-b719-a72b74e32670
CODE_CHANGE from mNVrVJPqvjujHX4kAAAH room 8d25949f-d1e9-4736-b719-a72b74e32670
CODE_CHANGE from mNVrVJPqvjujHX4kAAAH room 8d25949f-d1e9-4736-b719-a72b74e32670
CODE_CHANGE from mNVrVJPqvjujHX4kAAAH room 8d25949f-d1e9-4736-b719-a72b74e32670
CODE_CHANGE from mNVrVJPqvjujHX4kAAAH room 8d25949f-d1e9-4736-b719-a72b74e32670
CODE_CHANGE from mNVrVJPqvjujHX4kAAAH room 8d25949f-d1e9-4736-b719-a72b74e32670
a user connected 9rbLKOCcTPiK9uG5AAAN
SYNC_CODE to 9rbLKOCcTPiK9uG5AAAN from 9rbLKOCcTPiK9uG5AAAN
CODE_CHANGE from 9rbLKOCcTPiK9uG5AAAN room 8d25949f-d1e9-4736-b719-a72b74e32670
CODE_CHANGE from 9rbLKOCcTPiK9uG5AAAN room 8d25949f-d1e9-4736-b719-a72b74e32670
CODE_CHANGE from 9rbLKOCcTPiK9uG5AAAN room 8d25949f-d1e9-4736-b719-a72b74e32670
CODE_CHANGE from 9rbLKOCcTPiK9uG5AAAN room 8d25949f-d1e9-4736-b719-a72b74e32670
CODE_CHANGE from 9rbLKOCcTPiK9uG5AAAN room 8d25949f-d1e9-4736-b719-a72b74e32670
CODE_CHANGE from 9rbLKOCcTPiK9uG5AAAN room 8d25949f-d1e9-4736-b719-a72b74e32670
CODE_CHANGE from 9rbLKOCcTPiK9uG5AAAN room 8d25949f-d1e9-4736-b719-a72b74e32670
CODE_CHANGE from 9rbLKOCcTPiK9uG5AAAN room 8d25949f-d1e9-4736-b719-a72b74e32670
CODE_CHANGE from 9rbLKOCcTPiK9uG5AAAN room 8d25949f-d1e9-4736-b719-a72b74e32670
CODE_CHANGE from 9rbLKOCcTPiK9uG5AAAN room 8d25949f-d1e9-4736-b719-a72b74e32670
CODE_CHANGE from 9rbLKOCcTPiK9uG5AAAN room 8d25949f-d1e9-4736-b719-a72b74e32670
CODE_CHANGE from 9rbLKOCcTPiK9uG5AAAN room 8d25949f-d1e9-4736-b719-a72b74e32670
CODE_CHANGE from 9rbLKOCcTPiK9uG5AAAN room 8d25949f-d1e9-4736-b719-a72b74e32670
a user connected P7asy2b-5560I6qDAAAP
SYNC_CODE to P7asy2b-5560I6qDAAAP from P7asy2b-5560I6qDAAAP
a user connected SbFLKLU-UanNfS7VAAAR
SYNC_CODE to SbFLKLU-UanNfS7VAAAR from SbFLKLU-UanNfS7VAAAR
a user connected uFZZTSepS5EyYaYxAAAT
SYNC_CODE to uFZZTSepS5EyYaYxAAAT from SbFLKLU-UanNfS7VAAAR
SYNC_CODE to uFZZTSepS5EyYaYxAAAT from uFZZTSepS5EyYaYxAAAT
CODE_CHANGE from uFZZTSepS5EyYaYxAAAT room f59c4654-a56b-40db-a520-652933c14e7a
CODE_CHANGE from uFZZTSepS5EyYaYxAAAT room f59c4654-a56b-40db-a520-652933c14e7a
CODE_CHANGE from uFZZTSepS5EyYaYxAAAT room f59c4654-a56b-40db-a520-652933c14e7a
CODE_CHANGE from uFZZTSepS5EyYaYxAAAT room f59c4654-a56b-40db-a520-652933c14e7a
CODE_CHANGE from uFZZTSepS5EyYaYxAAAT room f59c4654-a56b-40db-a520-652933c14e7a
CODE_CHANGE from uFZZTSepS5EyYaYxAAAT room f59c4654-a56b-40db-a520-652933c14e7a
CODE_CHANGE from uFZZTSepS5EyYaYxAAAT room f59c4654-a56b-40db-a520-652933c14e7a
CODE_CHANGE from uFZZTSepS5EyYaYxAAAT room f59c4654-a56b-40db-a520-652933c14e7a
CODE_CHANGE from uFZZTSepS5EyYaYxAAAT room f59c4654-a56b-40db-a520-652933c14e7a
CODE_CHANGE from uFZZTSepS5EyYaYxAAAT room f59c4654-a56b-40db-a520-652933c14e7a
CODE_CHANGE from uFZZTSepS5EyYaYxAAAT room f59c4654-a56b-40db-a520-652933c14e7a
CODE_CHANGE from uFZZTSepS5EyYaYxAAAT room f59c4654-a56b-40db-a520-652933c14e7a
CODE_CHANGE from uFZZTSepS5EyYaYxAAAT room f59c4654-a56b-40db-a520-652933c14e7a
CODE_CHANGE from uFZZTSepS5EyYaYxAAAT room f59c4654-a56b-40db-a520-652933c14e7a
CODE_CHANGE from uFZZTSepS5EyYaYxAAAT room f59c4654-a56b-40db-a520-652933c14e7a
CODE_CHANGE from uFZZTSepS5EyYaYxAAAT room f59c4654-a56b-40db-a520-652933c14e7a
CODE_CHANGE from uFZZTSepS5EyYaYxAAAT room f59c4654-a56b-40db-a520-652933c14e7a
CODE_CHANGE from uFZZTSepS5EyYaYxAAAT room f59c4654-a56b-40db-a520-652933c14e7a
CODE_CHANGE from uFZZTSepS5EyYaYxAAAT room f59c4654-a56b-40db-a520-652933c14e7a
CODE_CHANGE from uFZZTSepS5EyYaYxAAAT room f59c4654-a56b-40db-a520-652933c14e7a
CODE_CHANGE from uFZZTSepS5EyYaYxAAAT room f59c4654-a56b-40db-a520-652933c14e7a
CODE_CHANGE from uFZZTSepS5EyYaYxAAAT room f59c4654-a56b-40db-a520-652933c14e7a
CODE_CHANGE from SbFLKLU-UanNfS7VAAAR room f59c4654-a56b-40db-a520-652933c14e7a
CODE_CHANGE from SbFLKLU-UanNfS7VAAAR room f59c4654-a56b-40db-a520-652933c14e7a
CODE_CHANGE from SbFLKLU-UanNfS7VAAAR room f59c4654-a56b-40db-a520-652933c14e7a
CODE_CHANGE from SbFLKLU-UanNfS7VAAAR room f59c4654-a56b-40db-a520-652933c14e7a
CODE_CHANGE from SbFLKLU-UanNfS7VAAAR room f59c4654-a56b-40db-a520-652933c14e7a
CODE_CHANGE from SbFLKLU-UanNfS7VAAAR room f59c4654-a56b-40db-a520-652933c14e7a
CODE_CHANGE from SbFLKLU-UanNfS7VAAAR room f59c4654-a56b-40db-a520-652933c14e7a
CODE_CHANGE from SbFLKLU-UanNfS7VAAAR room f59c4654-a56b-40db-a520-652933c14e7a
CODE_CHANGE from SbFLKLU-UanNfS7VAAAR room f59c4654-a56b-40db-a520-652933c14e7a
CODE_CHANGE from SbFLKLU-UanNfS7VAAAR room f59c4654-a56b-40db-a520-652933c14e7a
CODE_CHANGE from SbFLKLU-UanNfS7VAAAR room f59c4654-a56b-40db-a520-652933c14e7a
CODE_CHANGE from SbFLKLU-UanNfS7VAAAR room f59c4654-a56b-40db-a520-652933c14e7a
CODE_CHANGE from SbFLKLU-UanNfS7VAAAR room f59c4654-a56b-40db-a520-652933c14e7a
CODE_CHANGE from SbFLKLU-UanNfS7VAAAR room f59c4654-a56b-40db-a520-652933c14e7a
CODE_CHANGE from SbFLKLU-UanNfS7VAAAR room f59c4654-a56b-40db-a520-652933c14e7a
CODE_CHANGE from SbFLKLU-UanNfS7VAAAR room f59c4654-a56b-40db-a520-652933c14e7a
CODE_CHANGE from SbFLKLU-UanNfS7VAAAR room f59c4654-a56b-40db-a520-652933c14e7a
CODE_CHANGE from SbFLKLU-UanNfS7VAAAR room f59c4654-a56b-40db-a520-652933c14e7a
CODE_CHANGE from SbFLKLU-UanNfS7VAAAR room f59c4654-a56b-40db-a520-652933c14e7a
CODE_CHANGE from SbFLKLU-UanNfS7VAAAR room f59c4654-a56b-40db-a520-652933c14e7a
CODE_CHANGE from SbFLKLU-UanNfS7VAAAR room f59c4654-a56b-40db-a520-652933c14e7a
CODE_CHANGE from SbFLKLU-UanNfS7VAAAR room f59c4654-a56b-40db-a520-652933c14e7a
CODE_CHANGE from SbFLKLU-UanNfS7VAAAR room f59c4654-a56b-40db-a520-652933c14e7a
CODE_CHANGE from SbFLKLU-UanNfS7VAAAR room f59c4654-a56b-40db-a520-652933c14e7a
CODE_CHANGE from SbFLKLU-UanNfS7VAAAR room f59c4654-a56b-40db-a520-652933c14e7a
CODE_CHANGE from SbFLKLU-UanNfS7VAAAR room f59c4654-a56b-40db-a520-652933c14e7a
CODE_CHANGE from SbFLKLU-UanNfS7VAAAR room f59c4654-a56b-40db-a520-652933c14e7a
CODE_CHANGE from SbFLKLU-UanNfS7VAAAR room f59c4654-a56b-40db-a520-652933c14e7a
CODE_CHANGE from SbFLKLU-UanNfS7VAAAR room f59c4654-a56b-40db-a520-652933c14e7a
CODE_CHANGE from SbFLKLU-UanNfS7VAAAR room f59c4654-a56b-40db-a520-652933c14e7a
CODE_CHANGE from SbFLKLU-UanNfS7VAAAR room f59c4654-a56b-40db-a520-652933c14e7a
CODE_CHANGE from SbFLKLU-UanNfS7VAAAR room f59c4654-a56b-40db-a520-652933c14e7a
CODE_CHANGE from SbFLKLU-UanNfS7VAAAR room f59c4654-a56b-40db-a520-652933c14e7a
CODE_CHANGE from SbFLKLU-UanNfS7VAAAR room f59c4654-a56b-40db-a520-652933c14e7a
CODE_CHANGE from SbFLKLU-UanNfS7VAAAR room f59c4654-a56b-40db-a520-652933c14e7a
CODE_CHANGE from SbFLKLU-UanNfS7VAAAR room f59c4654-a56b-40db-a520-652933c14e7a
CODE_CHANGE from SbFLKLU-UanNfS7VAAAR room f59c4654-a56b-40db-a520-652933c14e7a
CODE_CHANGE from SbFLKLU-UanNfS7VAAAR room f59c4654-a56b-40db-a520-652933c14e7a
CODE_CHANGE from SbFLKLU-UanNfS7VAAAR room f59c4654-a56b-40db-a520-652933c14e7a
CODE_CHANGE from SbFLKLU-UanNfS7VAAAR room f59c4654-a56b-40db-a520-652933c14e7a
CODE_CHANGE from SbFLKLU-UanNfS7VAAAR room f59c4654-a56b-40db-a520-652933c14e7a
CODE_CHANGE from SbFLKLU-UanNfS7VAAAR room f59c4654-a56b-40db-a520-652933c14e7a
CODE_CHANGE from SbFLKLU-UanNfS7VAAAR room f59c4654-a56b-40db-a520-652933c14e7a
CODE_CHANGE from SbFLKLU-UanNfS7VAAAR room f59c4654-a56b-40db-a520-652933c14e7a
